
location

    187.3170    -41.6667

labels

    1.00   26.657205    0.001347    0.001347
   48.00   26.682834    0.001053    0.001053
   97.00   26.710969    0.000795    0.000795
  145.00   26.723245    0.000633    0.000633
  194.00   26.741491    0.000609    0.000609
  291.00   26.825459    0.000500    0.000500
  388.00   26.918710    0.000500    0.000500
  485.00   26.989777    0.000500    0.000500
  581.00   27.039080    0.000500    0.000500
  678.00   27.089155    0.000514    0.000514
  775.00   27.166574    0.000500    0.000500
  872.00   27.260381    0.000500    0.000500
  969.00   27.343624    0.000500    0.000500
 1066.00   27.421587    0.000500    0.000500
 1260.00   27.557341    0.000500    0.000500
 1454.00   27.698193    0.000500    0.000500
 1647.00   27.798448    0.000500    0.000500
 1841.00   27.866286    0.000500    0.000500
 2020.00   27.920168    0.000500    0.000500
 2216.00   27.959251    0.000500    0.000500
 2413.00   27.997852    0.000500    0.000500
 2611.00   28.031655    0.000500    0.000500
 2878.00   28.079949    0.000511    0.000511
 3000.00   28.117360    0.000504    0.000504

surfaces

   26.80   34.906433   10.906537    260.097752   0.0
   27.90   34.630799    2.300250   1953.166408   0.0
   28.10   34.724831    1.460609   2943.487234   0.0

